2021-10-25 22:58:45,677 INFO: learner 0 decided slot 0 with request 0 by client 2: apple
2021-10-25 22:58:46,409 INFO: learner 0 decided slot 1 with request 0 by client 4: apple
2021-10-25 22:58:48,768 INFO: learner 0 decided slot 2 with request 0 by client 3: apple
2021-10-25 22:58:57,116 INFO: learner 0 decided slot 3 with request 0 by client 0: apple
2021-10-25 22:59:01,247 INFO: learner 0 decided slot 4 with request 0 by client 1: apple
2021-10-25 22:59:05,405 INFO: learner 0 decided slot 5 with request 1 by client 0: orange
2021-10-25 23:00:00,612 INFO: learner 0 decided slot 6 with request 1 by client 2: orange
2021-10-25 23:00:05,591 INFO: learner 0 decided slot 7 with request 1 by client 4: orange
2021-10-25 23:00:09,455 INFO: learner 0 decided slot 8 with request 1 by client 3: orange
2021-10-25 23:00:20,247 INFO: learner 0 decided slot 9 with request 1 by client 1: orange
2021-10-25 23:00:28,007 INFO: learner 0 decided slot 10 with request 2 by client 0: banana
2021-10-25 23:00:31,539 INFO: learner 0 decided slot 11 with request 2 by client 1: banana
2021-10-25 23:01:07,250 INFO: learner 0 decided slot 12 with request 2 by client 2: banana
2021-10-25 23:01:18,260 INFO: learner 0 decided slot 13 with request 3 by client 2: pear
2021-10-25 23:01:27,322 INFO: learner 0 decided slot 14 with request 2 by client 4: banana
2021-10-25 23:01:32,129 INFO: learner 0 decided slot 15 with request 2 by client 3: banana
2021-10-25 23:01:42,168 INFO: learner 0 decided slot 16 with request 3 by client 0: pear
2021-10-25 23:01:46,165 INFO: learner 0 decided slot 17 with request 3 by client 1: pear
2021-10-25 23:02:27,982 INFO: learner 0 decided slot 18 with request 4 by client 2: lemon
2021-10-25 23:02:34,482 INFO: learner 0 decided slot 19 with request 3 by client 4: pear
2021-10-25 23:02:41,255 INFO: learner 0 decided slot 20 with request 3 by client 3: pear
2021-10-25 23:02:53,670 INFO: learner 0 decided slot 21 with request 4 by client 3: lemon
2021-10-25 23:03:00,810 INFO: learner 0 decided slot 22 with request 4 by client 0: lemon
2021-10-25 23:03:05,332 INFO: learner 0 decided slot 23 with request 4 by client 1: lemon
