2021-10-25 12:51:02,199 INFO: learner 2 decided slot 1 with request 0 by client 4: apple
2021-10-25 12:51:09,020 INFO: learner 2 decided slot 2 with request 0 by client 2: apple
2021-10-25 12:51:12,820 INFO: learner 2 decided slot 3 with request 0 by client 3: apple
2021-10-25 12:51:15,824 INFO: learner 2 decided slot 4 with request 0 by client 1: apple
2021-10-25 12:51:16,433 INFO: learner 2 decided slot 5 with request 0 by client 0: apple
2021-10-25 13:00:32,018 INFO: learner 2 decided slot 1 with request 0 by client 4: apple
2021-10-25 13:00:37,086 INFO: learner 2 decided slot 2 with request 0 by client 1: apple
2021-10-25 13:00:41,039 INFO: learner 2 decided slot 3 with request 0 by client 2: apple
2021-10-25 13:00:43,631 INFO: learner 2 decided slot 4 with request 0 by client 3: apple
2021-10-25 13:00:43,952 INFO: learner 2 decided slot 5 with request 0 by client 0: apple
2021-10-25 13:00:55,958 INFO: learner 2 decided slot 6 with request 1 by client 0: orange
2021-10-25 13:03:25,373 INFO: learner 2 decided slot 1 with request 0 by client 0: apple
2021-10-25 13:03:27,477 INFO: learner 2 decided slot 2 with request 0 by client 3: apple
2021-10-25 13:03:31,483 INFO: learner 2 decided slot 3 with request 0 by client 2: apple
2021-10-25 13:03:38,435 INFO: learner 2 decided slot 4 with request 0 by client 4: apple
2021-10-25 13:03:39,258 INFO: learner 2 decided slot 5 with request 0 by client 1: apple
2021-10-25 13:03:43,455 INFO: learner 2 decided slot 6 with request 1 by client 0: orange
2021-10-25 13:07:14,776 INFO: learner 2 decided slot 1 with request 0 by client 1: apple
2021-10-25 13:07:19,580 INFO: learner 2 decided slot 2 with request 0 by client 0: apple
2021-10-25 13:07:25,062 INFO: learner 2 decided slot 3 with request 0 by client 4: apple
2021-10-25 13:07:29,401 INFO: learner 2 decided slot 4 with request 0 by client 2: apple
2021-10-25 13:07:29,450 INFO: learner 2 decided slot 5 with request 0 by client 3: apple
2021-10-25 13:07:32,694 INFO: learner 2 decided slot 6 with request 1 by client 0: orange
2021-10-25 13:15:19,036 INFO: learner 2 decided slot 1 with request 0 by client 1: apple
2021-10-25 13:16:45,873 INFO: learner 2 decided slot 2 with request 0 by client 3: apple
2021-10-25 13:18:02,095 INFO: learner 2 decided slot 3 with request 0 by client 4: apple
2021-10-25 13:19:18,013 INFO: learner 2 decided slot 4 with request 0 by client 2: apple
2021-10-25 13:20:33,743 INFO: learner 2 decided slot 5 with request 0 by client 0: apple
2021-10-25 13:34:39,135 INFO: learner 2 decided slot 1 with request 0 by client 3: apple
2021-10-25 13:34:42,323 INFO: learner 2 decided slot 2 with request 0 by client 0: apple
2021-10-25 13:34:50,842 INFO: learner 2 decided slot 3 with request 0 by client 2: apple
2021-10-25 13:34:53,040 INFO: learner 2 decided slot 4 with request 0 by client 4: apple
2021-10-25 13:34:53,571 INFO: learner 2 decided slot 5 with request 0 by client 1: apple
2021-10-25 13:34:58,068 INFO: learner 2 decided slot 6 with request 1 by client 0: orange
2021-10-25 13:40:51,182 INFO: learner 2 decided slot 1 with request 0 by client 3: apple
2021-10-25 13:40:54,952 INFO: learner 2 decided slot 2 with request 0 by client 1: apple
2021-10-25 13:40:59,130 INFO: learner 2 decided slot 3 with request 0 by client 0: apple
2021-10-25 13:41:00,452 INFO: learner 2 decided slot 4 with request 0 by client 4: apple
2021-10-25 13:41:04,037 INFO: learner 2 decided slot 5 with request 0 by client 2: apple
2021-10-25 14:01:53,120 INFO: learner 2 decided slot 1 with request 0 by client 0: apple
2021-10-25 14:01:58,334 INFO: learner 2 decided slot 2 with request 0 by client 1: apple
2021-10-25 14:02:00,563 INFO: learner 2 decided slot 3 with request 0 by client 3: apple
2021-10-25 14:02:00,661 INFO: learner 2 decided slot 4 with request 0 by client 2: apple
2021-10-25 14:02:04,415 INFO: learner 2 decided slot 5 with request 0 by client 4: apple
2021-10-25 14:02:09,770 INFO: learner 2 decided slot 6 with request 1 by client 0: orange
2021-10-25 14:17:35,923 INFO: learner 2 decided slot 1 with request 3 by client 3: pear
2021-10-25 14:17:38,333 INFO: learner 2 decided slot 2 with request 2 by client 2: banana
2021-10-25 14:17:41,704 INFO: learner 2 decided slot 3 with request 1 by client 1: orange
2021-10-25 14:17:44,216 INFO: learner 2 decided slot 4 with request 0 by client 0: apple
2021-10-25 14:17:45,096 INFO: learner 2 decided slot 5 with request 4 by client 4: lemon
2021-10-25 14:20:17,065 INFO: learner 2 decided slot 1 with request 2 by client 2: banana
2021-10-25 14:20:22,224 INFO: learner 2 decided slot 2 with request 1 by client 1: orange
2021-10-25 14:20:25,845 INFO: learner 2 decided slot 3 with request 3 by client 3: pear
2021-10-25 14:20:30,742 INFO: learner 2 decided slot 4 with request 4 by client 4: lemon
2021-10-25 14:20:30,945 INFO: learner 2 decided slot 5 with request 0 by client 0: apple
2021-10-25 14:34:49,286 INFO: learner 2 decided slot 0 with request 0 by client 0: apple
2021-10-25 14:34:54,879 INFO: learner 2 decided slot 1 with request 4 by client 4: lemon
2021-10-25 14:34:58,405 INFO: learner 2 decided slot 2 with request 3 by client 3: pear
2021-10-25 14:35:03,557 INFO: learner 2 decided slot 3 with request 1 by client 1: orange
2021-10-25 14:35:03,873 INFO: learner 2 decided slot 4 with request 2 by client 2: banana
2021-10-25 14:39:50,394 INFO: learner 2 decided slot 0 with request 4 by client 4: lemon
2021-10-25 14:41:15,364 INFO: learner 2 decided slot 0 with request 2 by client 2: banana
2021-10-25 14:41:17,957 INFO: learner 2 decided slot 1 with request 4 by client 4: lemon
2021-10-25 14:41:21,528 INFO: learner 2 decided slot 2 with request 0 by client 0: apple
2021-10-25 14:41:24,879 INFO: learner 2 decided slot 3 with request 1 by client 1: orange
2021-10-25 14:41:25,181 INFO: learner 2 decided slot 4 with request 3 by client 3: pear
2021-10-25 14:44:51,876 INFO: learner 2 decided slot 0 with request 2 by client 2: banana
2021-10-25 14:44:55,694 INFO: learner 2 decided slot 1 with request 0 by client 0: apple
2021-10-25 14:44:59,173 INFO: learner 2 decided slot 2 with request 1 by client 1: orange
2021-10-25 14:45:01,015 INFO: learner 2 decided slot 3 with request 4 by client 4: lemon
2021-10-25 14:45:03,792 INFO: learner 2 decided slot 4 with request 3 by client 3: pear
2021-10-25 17:33:01,881 INFO: learner 2 decided slot 0 with request 3 by client 3: pear
2021-10-25 17:33:05,511 INFO: learner 2 decided slot 1 with request 0 by client 0: apple
2021-10-25 17:33:10,125 INFO: learner 2 decided slot 2 with request 2 by client 2: banana
2021-10-25 17:33:13,779 INFO: learner 2 decided slot 3 with request 1 by client 1: orange
2021-10-25 17:33:17,286 INFO: learner 2 decided slot 4 with request 4 by client 4: lemon
2021-10-25 18:01:06,571 INFO: learner 2 decided slot 0 with request 4 by client 4: lemon
2021-10-25 18:01:09,663 INFO: learner 2 decided slot 1 with request 3 by client 3: pear
2021-10-25 18:01:12,362 INFO: learner 2 decided slot 2 with request 2 by client 2: banana
2021-10-25 18:01:16,284 INFO: learner 2 decided slot 3 with request 0 by client 0: apple
2021-10-25 18:01:18,471 INFO: learner 2 decided slot 4 with request 1 by client 1: orange
2021-10-25 18:19:14,943 INFO: learner 2 decided slot 0 with request 0 by client 0: apple
2021-10-25 18:19:18,454 INFO: learner 2 decided slot 1 with request 3 by client 3: pear
2021-10-25 18:19:21,936 INFO: learner 2 decided slot 2 with request 1 by client 1: orange
2021-10-25 18:19:24,928 INFO: learner 2 decided slot 3 with request 2 by client 2: banana
2021-10-25 18:19:27,854 INFO: learner 2 decided slot 4 with request 4 by client 4: lemon
2021-10-25 18:25:40,770 INFO: learner 2 decided slot 0 with request 0 by client 0: apple
2021-10-25 18:25:43,875 INFO: learner 2 decided slot 1 with request 1 by client 1: orange
2021-10-25 18:25:50,236 INFO: learner 2 decided slot 2 with request 2 by client 2: banana
2021-10-25 18:25:50,382 INFO: learner 2 decided slot 3 with request 3 by client 3: pear
2021-10-25 18:25:50,960 INFO: learner 2 decided slot 4 with request 4 by client 4: lemon
2021-10-25 18:27:24,973 INFO: learner 2 decided slot 0 with request 1 by client 1: orange
2021-10-25 18:27:27,706 INFO: learner 2 decided slot 1 with request 4 by client 4: lemon
2021-10-25 18:27:30,173 INFO: learner 2 decided slot 2 with request 0 by client 0: apple
2021-10-25 18:27:34,403 INFO: learner 2 decided slot 3 with request 2 by client 2: banana
2021-10-25 18:27:37,135 INFO: learner 2 decided slot 4 with request 3 by client 3: pear
2021-10-25 18:30:00,813 INFO: learner 2 decided slot 0 with request 0 by client 0: apple
2021-10-25 18:30:00,864 INFO: learner 2 decided slot 1 with request 1 by client 1: orange
2021-10-25 18:30:01,050 INFO: learner 2 decided slot 2 with request 3 by client 3: pear
2021-10-25 18:30:01,844 INFO: learner 2 decided slot 3 with request 2 by client 2: banana
2021-10-25 18:30:02,722 INFO: learner 2 decided slot 4 with request 4 by client 4: lemon
