2021-10-25 22:58:26,371 INFO: learner 3 decided slot 0 with request 0 by client 2: apple
2021-10-25 22:58:29,766 INFO: learner 3 decided slot 1 with request 0 by client 4: apple
2021-10-25 22:58:33,831 INFO: learner 3 decided slot 2 with request 0 by client 3: apple
2021-10-25 22:58:38,225 INFO: learner 3 decided slot 3 with request 0 by client 0: apple
2021-10-25 22:58:41,826 INFO: learner 3 decided slot 4 with request 0 by client 1: apple
2021-10-25 22:59:03,423 INFO: learner 3 decided slot 5 with request 1 by client 0: orange
2021-10-25 22:59:57,690 INFO: learner 3 decided slot 6 with request 1 by client 2: orange
2021-10-25 22:59:57,706 INFO: learner 3 decided slot 7 with request 1 by client 4: orange
2021-10-25 23:00:01,591 INFO: learner 3 decided slot 8 with request 1 by client 3: orange
2021-10-25 23:00:15,939 INFO: learner 3 decided slot 9 with request 1 by client 1: orange
2021-10-25 23:00:19,907 INFO: learner 3 decided slot 10 with request 2 by client 0: banana
2021-10-25 23:00:29,437 INFO: learner 3 decided slot 11 with request 2 by client 1: banana
2021-10-25 23:01:05,701 INFO: learner 3 decided slot 12 with request 2 by client 2: banana
2021-10-25 23:01:12,309 INFO: learner 3 decided slot 13 with request 3 by client 2: pear
2021-10-25 23:01:14,698 INFO: learner 3 decided slot 14 with request 2 by client 4: banana
2021-10-25 23:01:24,774 INFO: learner 3 decided slot 15 with request 2 by client 3: banana
2021-10-25 23:01:38,888 INFO: learner 3 decided slot 16 with request 3 by client 0: pear
2021-10-25 23:01:44,601 INFO: learner 3 decided slot 17 with request 3 by client 1: pear
2021-10-25 23:02:26,735 INFO: learner 3 decided slot 18 with request 4 by client 2: lemon
2021-10-25 23:02:33,580 INFO: learner 3 decided slot 19 with request 3 by client 4: pear
2021-10-25 23:02:41,006 INFO: learner 3 decided slot 20 with request 3 by client 3: pear
2021-10-25 23:02:46,896 INFO: learner 3 decided slot 21 with request 4 by client 3: lemon
2021-10-25 23:02:54,328 INFO: learner 3 decided slot 22 with request 4 by client 0: lemon
2021-10-25 23:03:00,767 INFO: learner 3 decided slot 23 with request 4 by client 1: lemon
