2021-10-25 12:51:02,985 INFO: learner 4 decided slot 1 with request 0 by client 4: apple
2021-10-25 12:51:09,347 INFO: learner 4 decided slot 2 with request 0 by client 2: apple
2021-10-25 12:51:11,352 INFO: learner 4 decided slot 3 with request 0 by client 3: apple
2021-10-25 12:51:11,716 INFO: learner 4 decided slot 4 with request 0 by client 1: apple
2021-10-25 12:51:14,778 INFO: learner 4 decided slot 5 with request 0 by client 0: apple
2021-10-25 13:00:33,979 INFO: learner 4 decided slot 1 with request 0 by client 4: apple
2021-10-25 13:00:36,561 INFO: learner 4 decided slot 2 with request 0 by client 1: apple
2021-10-25 13:00:41,372 INFO: learner 4 decided slot 3 with request 0 by client 2: apple
2021-10-25 13:00:44,957 INFO: learner 4 decided slot 4 with request 0 by client 3: apple
2021-10-25 13:00:45,264 INFO: learner 4 decided slot 5 with request 0 by client 0: apple
2021-10-25 13:00:55,956 INFO: learner 4 decided slot 6 with request 1 by client 0: orange
2021-10-25 13:03:26,799 INFO: learner 4 decided slot 1 with request 0 by client 0: apple
2021-10-25 13:03:29,150 INFO: learner 4 decided slot 2 with request 0 by client 3: apple
2021-10-25 13:03:31,561 INFO: learner 4 decided slot 3 with request 0 by client 2: apple
2021-10-25 13:03:36,888 INFO: learner 4 decided slot 4 with request 0 by client 4: apple
2021-10-25 13:03:39,912 INFO: learner 4 decided slot 5 with request 0 by client 1: apple
2021-10-25 13:03:45,116 INFO: learner 4 decided slot 6 with request 1 by client 0: orange
2021-10-25 13:07:16,184 INFO: learner 4 decided slot 1 with request 0 by client 1: apple
2021-10-25 13:07:19,503 INFO: learner 4 decided slot 2 with request 0 by client 0: apple
2021-10-25 13:07:24,590 INFO: learner 4 decided slot 3 with request 0 by client 4: apple
2021-10-25 13:07:28,423 INFO: learner 4 decided slot 4 with request 0 by client 2: apple
2021-10-25 13:07:28,790 INFO: learner 4 decided slot 5 with request 0 by client 3: apple
2021-10-25 13:07:34,985 INFO: learner 4 decided slot 6 with request 1 by client 0: orange
2021-10-25 13:15:20,423 INFO: learner 4 decided slot 1 with request 0 by client 1: apple
2021-10-25 13:16:46,299 INFO: learner 4 decided slot 2 with request 0 by client 3: apple
2021-10-25 13:18:02,240 INFO: learner 4 decided slot 3 with request 0 by client 4: apple
2021-10-25 13:19:18,381 INFO: learner 4 decided slot 4 with request 0 by client 2: apple
2021-10-25 13:20:34,178 INFO: learner 4 decided slot 5 with request 0 by client 0: apple
2021-10-25 13:34:40,528 INFO: learner 4 decided slot 1 with request 0 by client 3: apple
2021-10-25 13:34:43,934 INFO: learner 4 decided slot 2 with request 0 by client 0: apple
2021-10-25 13:34:50,865 INFO: learner 4 decided slot 3 with request 0 by client 2: apple
2021-10-25 13:34:54,268 INFO: learner 4 decided slot 4 with request 0 by client 4: apple
2021-10-25 13:34:55,124 INFO: learner 4 decided slot 5 with request 0 by client 1: apple
2021-10-25 13:35:00,483 INFO: learner 4 decided slot 6 with request 1 by client 0: orange
2021-10-25 13:40:53,677 INFO: learner 4 decided slot 1 with request 0 by client 3: apple
2021-10-25 13:40:57,128 INFO: learner 4 decided slot 2 with request 0 by client 1: apple
2021-10-25 13:41:02,618 INFO: learner 4 decided slot 3 with request 0 by client 0: apple
2021-10-25 13:41:02,900 INFO: learner 4 decided slot 4 with request 0 by client 4: apple
2021-10-25 13:41:06,313 INFO: learner 4 decided slot 5 with request 0 by client 2: apple
2021-10-25 14:01:54,256 INFO: learner 4 decided slot 1 with request 0 by client 0: apple
2021-10-25 14:01:58,736 INFO: learner 4 decided slot 2 with request 0 by client 1: apple
2021-10-25 14:02:02,270 INFO: learner 4 decided slot 3 with request 0 by client 3: apple
2021-10-25 14:02:03,017 INFO: learner 4 decided slot 4 with request 0 by client 2: apple
2021-10-25 14:02:04,979 INFO: learner 4 decided slot 5 with request 0 by client 4: apple
2021-10-25 14:02:10,860 INFO: learner 4 decided slot 6 with request 1 by client 0: orange
2021-10-25 14:17:36,878 INFO: learner 4 decided slot 1 with request 3 by client 3: pear
2021-10-25 14:17:39,041 INFO: learner 4 decided slot 2 with request 2 by client 2: banana
2021-10-25 14:17:41,771 INFO: learner 4 decided slot 3 with request 1 by client 1: orange
2021-10-25 14:17:44,007 INFO: learner 4 decided slot 4 with request 0 by client 0: apple
2021-10-25 14:17:45,071 INFO: learner 4 decided slot 5 with request 4 by client 4: lemon
2021-10-25 14:20:19,010 INFO: learner 4 decided slot 1 with request 2 by client 2: banana
2021-10-25 14:20:24,305 INFO: learner 4 decided slot 2 with request 1 by client 1: orange
2021-10-25 14:20:26,468 INFO: learner 4 decided slot 3 with request 3 by client 3: pear
2021-10-25 14:20:30,579 INFO: learner 4 decided slot 4 with request 4 by client 4: lemon
2021-10-25 14:20:30,859 INFO: learner 4 decided slot 5 with request 0 by client 0: apple
2021-10-25 14:34:49,284 INFO: learner 4 decided slot 0 with request 0 by client 0: apple
2021-10-25 14:34:54,642 INFO: learner 4 decided slot 1 with request 4 by client 4: lemon
2021-10-25 14:34:57,098 INFO: learner 4 decided slot 2 with request 3 by client 3: pear
2021-10-25 14:35:03,069 INFO: learner 4 decided slot 3 with request 1 by client 1: orange
2021-10-25 14:35:03,889 INFO: learner 4 decided slot 4 with request 2 by client 2: banana
2021-10-25 14:39:50,393 INFO: learner 4 decided slot 0 with request 4 by client 4: lemon
2021-10-25 14:41:15,161 INFO: learner 4 decided slot 0 with request 2 by client 2: banana
2021-10-25 14:41:18,005 INFO: learner 4 decided slot 1 with request 4 by client 4: lemon
2021-10-25 14:41:21,897 INFO: learner 4 decided slot 2 with request 0 by client 0: apple
2021-10-25 14:41:25,258 INFO: learner 4 decided slot 3 with request 1 by client 1: orange
2021-10-25 14:41:26,215 INFO: learner 4 decided slot 4 with request 3 by client 3: pear
2021-10-25 14:44:52,609 INFO: learner 4 decided slot 0 with request 2 by client 2: banana
2021-10-25 14:44:58,021 INFO: learner 4 decided slot 1 with request 0 by client 0: apple
2021-10-25 14:45:01,479 INFO: learner 4 decided slot 2 with request 1 by client 1: orange
2021-10-25 14:45:04,255 INFO: learner 4 decided slot 3 with request 4 by client 4: lemon
2021-10-25 14:45:04,562 INFO: learner 4 decided slot 4 with request 3 by client 3: pear
2021-10-25 17:33:02,815 INFO: learner 4 decided slot 0 with request 3 by client 3: pear
2021-10-25 17:33:06,867 INFO: learner 4 decided slot 1 with request 0 by client 0: apple
2021-10-25 17:33:10,388 INFO: learner 4 decided slot 2 with request 2 by client 2: banana
2021-10-25 17:33:17,812 INFO: learner 4 decided slot 3 with request 1 by client 1: orange
2021-10-25 17:33:18,782 INFO: learner 4 decided slot 4 with request 4 by client 4: lemon
2021-10-25 18:01:07,787 INFO: learner 4 decided slot 0 with request 4 by client 4: lemon
2021-10-25 18:01:11,259 INFO: learner 4 decided slot 1 with request 3 by client 3: pear
2021-10-25 18:01:14,266 INFO: learner 4 decided slot 2 with request 2 by client 2: banana
2021-10-25 18:01:16,284 INFO: learner 4 decided slot 3 with request 0 by client 0: apple
2021-10-25 18:01:19,528 INFO: learner 4 decided slot 4 with request 1 by client 1: orange
2021-10-25 18:19:17,693 INFO: learner 4 decided slot 0 with request 0 by client 0: apple
2021-10-25 18:19:21,044 INFO: learner 4 decided slot 1 with request 3 by client 3: pear
2021-10-25 18:19:25,194 INFO: learner 4 decided slot 2 with request 1 by client 1: orange
2021-10-25 18:19:29,060 INFO: learner 4 decided slot 3 with request 2 by client 2: banana
2021-10-25 18:19:29,946 INFO: learner 4 decided slot 4 with request 4 by client 4: lemon
2021-10-25 18:25:42,373 INFO: learner 4 decided slot 0 with request 0 by client 0: apple
2021-10-25 18:25:45,968 INFO: learner 4 decided slot 1 with request 1 by client 1: orange
2021-10-25 18:25:49,843 INFO: learner 4 decided slot 2 with request 2 by client 2: banana
2021-10-25 18:25:50,846 INFO: learner 4 decided slot 3 with request 3 by client 3: pear
2021-10-25 18:25:51,329 INFO: learner 4 decided slot 4 with request 4 by client 4: lemon
2021-10-25 18:27:25,376 INFO: learner 4 decided slot 0 with request 1 by client 1: orange
2021-10-25 18:27:28,546 INFO: learner 4 decided slot 1 with request 4 by client 4: lemon
2021-10-25 18:27:33,870 INFO: learner 4 decided slot 2 with request 0 by client 0: apple
2021-10-25 18:27:38,213 INFO: learner 4 decided slot 3 with request 2 by client 2: banana
2021-10-25 18:27:38,885 INFO: learner 4 decided slot 4 with request 3 by client 3: pear
2021-10-25 18:29:55,330 INFO: learner 4 decided slot 0 with request 0 by client 0: apple
2021-10-25 18:29:56,295 INFO: learner 4 decided slot 1 with request 1 by client 1: orange
2021-10-25 18:29:57,548 INFO: learner 4 decided slot 2 with request 3 by client 3: pear
2021-10-25 18:29:58,837 INFO: learner 4 decided slot 3 with request 2 by client 2: banana
2021-10-25 18:30:00,811 INFO: learner 4 decided slot 4 with request 4 by client 4: lemon
2021-10-25 19:05:12,960 INFO: learner 4 decided slot 0 with request 0 by client 0: apple
2021-10-25 19:05:17,276 INFO: learner 4 decided slot 1 with request 0 by client 4: apple
2021-10-25 19:05:24,814 INFO: learner 4 decided slot 2 with request 0 by client 2: apple
2021-10-25 19:05:28,268 INFO: learner 4 decided slot 3 with request 0 by client 3: apple
2021-10-25 19:05:28,840 INFO: learner 4 decided slot 4 with request 0 by client 1: apple
2021-10-25 19:05:33,635 INFO: learner 4 decided slot 5 with request 1 by client 0: orange
2021-10-25 19:31:23,836 INFO: learner 4 decided slot 0 with request 0 by client 0: apple
2021-10-25 19:31:28,081 INFO: learner 4 decided slot 1 with request 0 by client 1: apple
2021-10-25 19:31:32,589 INFO: learner 4 decided slot 2 with request 0 by client 2: apple
2021-10-25 19:31:36,522 INFO: learner 4 decided slot 3 with request 0 by client 4: apple
2021-10-25 19:31:39,446 INFO: learner 4 decided slot 4 with request 0 by client 3: apple
2021-10-25 19:31:42,245 INFO: learner 4 decided slot 5 with request 1 by client 0: orange
2021-10-25 19:32:47,209 INFO: learner 4 decided slot 6 with request 1 by client 1: orange
2021-10-25 19:32:52,471 INFO: learner 4 decided slot 7 with request 1 by client 2: orange
2021-10-25 19:32:56,896 INFO: learner 4 decided slot 8 with request 2 by client 1: banana
2021-10-25 19:33:04,073 INFO: learner 4 decided slot 9 with request 1 by client 4: orange
2021-10-25 19:33:10,452 INFO: learner 4 decided slot 10 with request 1 by client 3: orange
2021-10-25 19:33:10,789 INFO: learner 4 decided slot 11 with request 2 by client 0: banana
2021-10-25 19:34:03,197 INFO: learner 4 decided slot 12 with request 2 by client 2: banana
2021-10-25 19:34:07,413 INFO: learner 4 decided slot 13 with request 3 by client 1: pear
2021-10-25 19:34:11,989 INFO: learner 4 decided slot 14 with request 3 by client 2: pear
2021-10-25 19:34:20,622 INFO: learner 4 decided slot 15 with request 2 by client 4: banana
2021-10-25 19:34:24,178 INFO: learner 4 decided slot 16 with request 2 by client 3: banana
2021-10-25 19:34:28,048 INFO: learner 4 decided slot 17 with request 3 by client 0: pear
2021-10-25 19:35:22,062 INFO: learner 4 decided slot 18 with request 4 by client 1: lemon
2021-10-25 19:35:26,010 INFO: learner 4 decided slot 19 with request 4 by client 2: lemon
2021-10-25 19:35:35,874 INFO: learner 4 decided slot 20 with request 3 by client 4: pear
2021-10-25 19:35:43,736 INFO: learner 4 decided slot 21 with request 3 by client 3: pear
2021-10-25 19:35:45,681 INFO: learner 4 decided slot 22 with request 4 by client 0: lemon
2021-10-25 19:35:53,520 INFO: learner 4 decided slot 23 with request 4 by client 3: lemon
2021-10-25 19:36:46,233 INFO: learner 4 decided slot 24 with request 4 by client 4: lemon
2021-10-25 19:37:39,655 INFO: learner 4 decided slot 0 with request 0 by client 0: apple
2021-10-25 19:37:45,444 INFO: learner 4 decided slot 1 with request 0 by client 1: apple
2021-10-25 19:37:48,225 INFO: learner 4 decided slot 2 with request 0 by client 3: apple
2021-10-25 19:37:51,278 INFO: learner 4 decided slot 3 with request 0 by client 2: apple
2021-10-25 19:37:54,218 INFO: learner 4 decided slot 4 with request 0 by client 4: apple
2021-10-25 19:38:09,456 INFO: learner 4 decided slot 5 with request 1 by client 0: orange
2021-10-25 19:39:10,779 INFO: learner 4 decided slot 6 with request 1 by client 3: orange
2021-10-25 19:39:19,984 INFO: learner 4 decided slot 7 with request 1 by client 2: orange
2021-10-25 19:39:30,893 INFO: learner 4 decided slot 8 with request 1 by client 4: orange
2021-10-25 19:39:35,135 INFO: learner 4 decided slot 9 with request 1 by client 1: orange
2021-10-25 19:39:42,408 INFO: learner 4 decided slot 10 with request 2 by client 0: banana
2021-10-25 19:40:05,361 INFO: learner 4 decided slot 11 with request 2 by client 1: banana
2021-10-25 19:40:35,287 INFO: learner 4 decided slot 12 with request 2 by client 4: banana
2021-10-25 19:40:37,529 INFO: learner 4 decided slot 13 with request 2 by client 3: banana
2021-10-25 19:40:48,433 INFO: learner 4 decided slot 14 with request 3 by client 0: pear
2021-10-25 19:40:51,481 INFO: learner 4 decided slot 15 with request 2 by client 2: banana
2021-10-25 19:41:21,209 INFO: learner 4 decided slot 16 with request 3 by client 2: pear
2021-10-25 19:41:40,666 INFO: learner 4 decided slot 17 with request 3 by client 3: pear
2021-10-25 19:41:47,835 INFO: learner 4 decided slot 18 with request 3 by client 1: pear
2021-10-25 19:45:43,285 INFO: learner 4 decided slot 0 with request 0 by client 1: apple
2021-10-25 19:45:47,112 INFO: learner 4 decided slot 2 with request 0 by client 4: apple
2021-10-25 19:45:51,533 INFO: learner 4 decided slot 3 with request 0 by client 3: apple
2021-10-25 19:45:57,913 INFO: learner 4 decided slot 4 with request 0 by client 0: apple
2021-10-25 19:45:58,127 INFO: learner 4 decided slot 5 with request 0 by client 2: apple
2021-10-25 19:46:09,682 INFO: learner 4 decided slot 6 with request 1 by client 0: orange
2021-10-25 19:47:01,003 INFO: learner 4 decided slot 7 with request 1 by client 1: orange
2021-10-25 19:47:05,224 INFO: learner 4 decided slot 8 with request 1 by client 4: orange
2021-10-25 19:47:08,971 INFO: learner 4 decided slot 9 with request 2 by client 1: banana
2021-10-25 19:47:12,625 INFO: learner 4 decided slot 10 with request 1 by client 3: orange
2021-10-25 19:47:17,880 INFO: learner 4 decided slot 11 with request 1 by client 2: orange
2021-10-25 19:47:24,310 INFO: learner 4 decided slot 12 with request 2 by client 0: banana
2021-10-25 19:48:16,540 INFO: learner 4 decided slot 13 with request 2 by client 4: banana
2021-10-25 19:48:21,635 INFO: learner 4 decided slot 14 with request 3 by client 1: pear
2021-10-25 19:48:24,317 INFO: learner 4 decided slot 15 with request 2 by client 3: banana
2021-10-25 19:48:33,052 INFO: learner 4 decided slot 16 with request 2 by client 2: banana
2021-10-25 19:48:36,964 INFO: learner 4 decided slot 17 with request 3 by client 0: pear
2021-10-25 20:16:12,870 INFO: learner 4 decided slot 0 with request 0 by client 1: apple
2021-10-25 20:16:15,612 INFO: learner 4 decided slot 2 with request 0 by client 2: apple
2021-10-25 20:16:20,684 INFO: learner 4 decided slot 3 with request 0 by client 0: apple
2021-10-25 20:16:20,952 INFO: learner 4 decided slot 4 with request 0 by client 3: apple
2021-10-25 20:16:22,431 INFO: learner 4 decided slot 1 with request 0 by client 4: apple
2021-10-25 20:16:34,191 INFO: learner 4 decided slot 5 with request 1 by client 0: orange
2021-10-25 20:17:27,184 INFO: learner 4 decided slot 6 with request 1 by client 3: orange
2021-10-25 20:17:33,728 INFO: learner 4 decided slot 7 with request 1 by client 4: orange
2021-10-25 20:17:37,982 INFO: learner 4 decided slot 9 with request 1 by client 1: orange
2021-10-25 20:17:44,358 INFO: learner 4 decided slot 10 with request 2 by client 0: banana
2021-10-25 20:17:44,716 INFO: learner 4 decided slot 11 with request 2 by client 1: banana
2021-10-25 20:18:38,187 INFO: learner 4 decided slot 13 with request 2 by client 4: banana
2021-10-25 20:18:46,553 INFO: learner 4 decided slot 15 with request 3 by client 2: pear
2021-10-25 20:18:51,388 INFO: learner 4 decided slot 16 with request 3 by client 0: pear
2021-10-25 20:19:43,910 INFO: learner 4 decided slot 19 with request 3 by client 4: pear
2021-10-25 20:19:53,003 INFO: learner 4 decided slot 20 with request 4 by client 1: lemon
2021-10-25 20:19:56,389 INFO: learner 4 decided slot 21 with request 4 by client 2: lemon
2021-10-25 20:19:59,243 INFO: learner 4 decided slot 22 with request 4 by client 0: lemon
2021-10-25 20:20:38,059 INFO: learner 4 decided slot 23 with request 4 by client 3: lemon
2021-10-25 20:20:49,614 INFO: learner 4 decided slot 24 with request 4 by client 4: lemon
2021-10-25 20:22:34,665 INFO: learner 4 decided slot 0 with request 0 by client 4: apple
2021-10-25 20:22:35,394 INFO: learner 4 decided slot 1 with request 0 by client 2: apple
2021-10-25 20:22:37,936 INFO: learner 4 decided slot 2 with request 0 by client 3: apple
2021-10-25 20:22:39,876 INFO: learner 4 decided slot 3 with request 0 by client 0: apple
2021-10-25 20:22:43,873 INFO: learner 4 decided slot 4 with request 0 by client 1: apple
2021-10-25 20:22:53,214 INFO: learner 4 decided slot 5 with request 1 by client 0: orange
2021-10-25 20:23:42,382 INFO: learner 4 decided slot 6 with request 1 by client 4: orange
2021-10-25 20:23:45,628 INFO: learner 4 decided slot 7 with request 1 by client 3: orange
2021-10-25 20:23:49,121 INFO: learner 4 decided slot 8 with request 1 by client 2: orange
2021-10-25 20:23:53,307 INFO: learner 4 decided slot 9 with request 1 by client 1: orange
2021-10-25 20:24:01,794 INFO: learner 4 decided slot 10 with request 2 by client 1: banana
2021-10-25 20:24:02,432 INFO: learner 4 decided slot 11 with request 2 by client 0: banana
2021-10-25 20:24:51,536 INFO: learner 4 decided slot 12 with request 2 by client 4: banana
2021-10-25 20:24:52,115 INFO: learner 4 decided slot 13 with request 2 by client 3: banana
2021-10-25 20:24:55,298 INFO: learner 4 decided slot 14 with request 2 by client 2: banana
2021-10-25 20:24:58,113 INFO: learner 4 decided slot 15 with request 3 by client 2: pear
2021-10-25 20:25:05,779 INFO: learner 4 decided slot 16 with request 3 by client 1: pear
2021-10-25 20:25:10,347 INFO: learner 4 decided slot 17 with request 3 by client 0: pear
2021-10-25 20:25:59,202 INFO: learner 4 decided slot 19 with request 3 by client 4: pear
2021-10-25 20:26:05,882 INFO: learner 4 decided slot 20 with request 4 by client 2: lemon
2021-10-25 20:26:14,917 INFO: learner 4 decided slot 22 with request 4 by client 0: lemon
2021-10-25 20:27:06,315 INFO: learner 4 decided slot 24 with request 4 by client 4: lemon
2021-10-25 20:28:48,102 INFO: learner 4 decided slot 0 with request 0 by client 2: apple
2021-10-25 20:28:52,828 INFO: learner 4 decided slot 1 with request 0 by client 0: apple
2021-10-25 20:28:53,330 INFO: learner 4 decided slot 2 with request 0 by client 1: apple
2021-10-25 20:28:57,286 INFO: learner 4 decided slot 3 with request 0 by client 3: apple
2021-10-25 20:28:59,574 INFO: learner 4 decided slot 4 with request 0 by client 4: apple
2021-10-25 20:29:12,142 INFO: learner 4 decided slot 5 with request 1 by client 0: orange
2021-10-25 20:30:05,231 INFO: learner 4 decided slot 6 with request 1 by client 2: orange
2021-10-25 20:30:10,823 INFO: learner 4 decided slot 7 with request 1 by client 1: orange
2021-10-25 20:30:17,014 INFO: learner 4 decided slot 8 with request 1 by client 3: orange
2021-10-25 20:30:21,438 INFO: learner 4 decided slot 9 with request 2 by client 1: banana
2021-10-25 20:30:24,269 INFO: learner 4 decided slot 10 with request 1 by client 4: orange
2021-10-25 20:30:33,070 INFO: learner 4 decided slot 11 with request 2 by client 0: banana
2021-10-25 20:31:12,228 INFO: learner 4 decided slot 12 with request 2 by client 2: banana
2021-10-25 20:31:16,004 INFO: learner 4 decided slot 13 with request 3 by client 2: pear
2021-10-25 20:31:31,210 INFO: learner 4 decided slot 14 with request 2 by client 3: banana
2021-10-25 20:31:36,840 INFO: learner 4 decided slot 15 with request 3 by client 1: pear
2021-10-25 20:31:42,878 INFO: learner 4 decided slot 16 with request 2 by client 4: banana
2021-10-25 20:31:49,796 INFO: learner 4 decided slot 17 with request 3 by client 0: pear
2021-10-25 20:32:22,927 INFO: learner 4 decided slot 18 with request 4 by client 2: lemon
2021-10-25 20:32:36,058 INFO: learner 4 decided slot 19 with request 3 by client 3: pear
2021-10-25 20:32:40,851 INFO: learner 4 decided slot 20 with request 4 by client 3: lemon
2021-10-25 20:32:46,166 INFO: learner 4 decided slot 21 with request 4 by client 1: lemon
2021-10-25 20:32:52,394 INFO: learner 4 decided slot 22 with request 3 by client 4: pear
2021-10-25 20:32:58,615 INFO: learner 4 decided slot 23 with request 4 by client 0: lemon
2021-10-25 20:33:59,925 INFO: learner 4 decided slot 24 with request 4 by client 4: lemon
