2021-10-25 21:23:10,196 INFO: learner 5 decided slot 0 with request 0 by client 2: apple
2021-10-25 21:23:17,526 INFO: learner 5 decided slot 1 with request 0 by client 4: apple
2021-10-25 21:23:20,293 INFO: learner 5 decided slot 2 with request 0 by client 1: apple
2021-10-25 21:23:24,751 INFO: learner 5 decided slot 3 with request 0 by client 0: apple
2021-10-25 21:23:26,097 INFO: learner 5 decided slot 4 with request 0 by client 3: apple
2021-10-25 21:23:46,857 INFO: learner 5 decided slot 5 with request 1 by client 0: orange
2021-10-25 21:24:30,563 INFO: learner 5 decided slot 6 with request 1 by client 2: orange
2021-10-25 21:24:39,035 INFO: learner 5 decided slot 7 with request 1 by client 4: orange
2021-10-25 21:24:46,172 INFO: learner 5 decided slot 8 with request 1 by client 1: orange
2021-10-25 21:24:56,092 INFO: learner 5 decided slot 9 with request 1 by client 3: orange
2021-10-25 21:24:59,870 INFO: learner 5 decided slot 10 with request 2 by client 1: banana
2021-10-25 21:25:06,122 INFO: learner 5 decided slot 11 with request 2 by client 0: banana
2021-10-25 21:25:39,882 INFO: learner 5 decided slot 12 with request 2 by client 2: banana
2021-10-25 21:25:44,738 INFO: learner 5 decided slot 13 with request 3 by client 2: pear
2021-10-25 21:25:53,622 INFO: learner 5 decided slot 14 with request 2 by client 4: banana
2021-10-25 21:26:12,305 INFO: learner 5 decided slot 15 with request 2 by client 3: banana
2021-10-25 21:26:18,667 INFO: learner 5 decided slot 16 with request 3 by client 1: pear
2021-10-25 21:26:23,740 INFO: learner 5 decided slot 17 with request 3 by client 0: pear
2021-10-25 21:26:53,615 INFO: learner 5 decided slot 18 with request 4 by client 2: lemon
2021-10-25 21:27:01,793 INFO: learner 5 decided slot 19 with request 3 by client 4: pear
2021-10-25 21:44:02,761 INFO: learner 5 decided slot 0 with request 0 by client 2: apple
2021-10-25 21:44:09,594 INFO: learner 5 decided slot 1 with request 0 by client 4: apple
2021-10-25 21:44:13,127 INFO: learner 5 decided slot 2 with request 0 by client 0: apple
2021-10-25 21:44:21,934 INFO: learner 5 decided slot 3 with request 0 by client 3: apple
2021-10-25 21:44:22,542 INFO: learner 5 decided slot 4 with request 0 by client 1: apple
2021-10-25 21:45:21,507 INFO: learner 5 decided slot 6 with request 1 by client 2: orange
2021-10-25 21:45:29,379 INFO: learner 5 decided slot 7 with request 1 by client 4: orange
2021-10-25 21:45:39,748 INFO: learner 5 decided slot 8 with request 1 by client 3: orange
2021-10-25 21:45:44,783 INFO: learner 5 decided slot 9 with request 1 by client 1: orange
2021-10-25 21:45:49,332 INFO: learner 5 decided slot 10 with request 2 by client 0: banana
2021-10-25 21:45:58,369 INFO: learner 5 decided slot 11 with request 2 by client 1: banana
2021-10-25 21:46:28,647 INFO: learner 5 decided slot 12 with request 2 by client 2: banana
2021-10-25 21:46:37,316 INFO: learner 5 decided slot 13 with request 3 by client 2: pear
2021-10-25 21:46:41,595 INFO: learner 5 decided slot 14 with request 2 by client 4: banana
2021-10-25 21:46:52,409 INFO: learner 5 decided slot 15 with request 2 by client 3: banana
2021-10-25 21:47:03,737 INFO: learner 5 decided slot 16 with request 3 by client 0: pear
2021-10-25 21:47:10,667 INFO: learner 5 decided slot 17 with request 3 by client 1: pear
2021-10-25 21:47:48,032 INFO: learner 5 decided slot 18 with request 4 by client 2: lemon
2021-10-25 21:47:54,054 INFO: learner 5 decided slot 19 with request 3 by client 4: pear
2021-10-25 21:48:02,752 INFO: learner 5 decided slot 20 with request 3 by client 3: pear
2021-10-25 21:48:10,942 INFO: learner 5 decided slot 21 with request 4 by client 3: lemon
2021-10-25 21:48:17,785 INFO: learner 5 decided slot 22 with request 4 by client 0: lemon
2021-10-25 21:48:25,782 INFO: learner 5 decided slot 23 with request 4 by client 1: lemon
2021-10-25 21:49:02,465 INFO: learner 5 decided slot 24 with request 4 by client 4: lemon
