2021-10-25 21:23:11,244 INFO: learner 6 decided slot 0 with request 0 by client 2: apple
2021-10-25 21:23:19,137 INFO: learner 6 decided slot 1 with request 0 by client 4: apple
2021-10-25 21:23:22,382 INFO: learner 6 decided slot 2 with request 0 by client 1: apple
2021-10-25 21:23:26,393 INFO: learner 6 decided slot 3 with request 0 by client 0: apple
2021-10-25 21:23:26,613 INFO: learner 6 decided slot 4 with request 0 by client 3: apple
2021-10-25 21:23:45,534 INFO: learner 6 decided slot 5 with request 1 by client 0: orange
2021-10-25 21:24:31,028 INFO: learner 6 decided slot 6 with request 1 by client 2: orange
2021-10-25 21:24:40,423 INFO: learner 6 decided slot 7 with request 1 by client 4: orange
2021-10-25 21:24:46,023 INFO: learner 6 decided slot 8 with request 1 by client 1: orange
2021-10-25 21:24:55,239 INFO: learner 6 decided slot 9 with request 1 by client 3: orange
2021-10-25 21:24:59,529 INFO: learner 6 decided slot 10 with request 2 by client 1: banana
2021-10-25 21:25:06,690 INFO: learner 6 decided slot 11 with request 2 by client 0: banana
2021-10-25 21:25:41,534 INFO: learner 6 decided slot 12 with request 2 by client 2: banana
2021-10-25 21:25:44,872 INFO: learner 6 decided slot 13 with request 3 by client 2: pear
2021-10-25 21:25:52,989 INFO: learner 6 decided slot 14 with request 2 by client 4: banana
2021-10-25 21:26:12,479 INFO: learner 6 decided slot 15 with request 2 by client 3: banana
2021-10-25 21:26:19,697 INFO: learner 6 decided slot 16 with request 3 by client 1: pear
2021-10-25 21:26:23,681 INFO: learner 6 decided slot 17 with request 3 by client 0: pear
2021-10-25 21:26:54,367 INFO: learner 6 decided slot 18 with request 4 by client 2: lemon
2021-10-25 21:27:02,563 INFO: learner 6 decided slot 19 with request 3 by client 4: pear
2021-10-25 21:44:02,686 INFO: learner 6 decided slot 0 with request 0 by client 2: apple
2021-10-25 21:44:06,210 INFO: learner 6 decided slot 1 with request 0 by client 4: apple
2021-10-25 21:44:10,979 INFO: learner 6 decided slot 2 with request 0 by client 0: apple
2021-10-25 21:44:17,352 INFO: learner 6 decided slot 3 with request 0 by client 3: apple
2021-10-25 21:44:18,810 INFO: learner 6 decided slot 4 with request 0 by client 1: apple
2021-10-25 21:44:32,961 INFO: learner 6 decided slot 5 with request 1 by client 0: orange
2021-10-25 21:45:22,708 INFO: learner 6 decided slot 6 with request 1 by client 2: orange
2021-10-25 21:45:30,733 INFO: learner 6 decided slot 7 with request 1 by client 4: orange
2021-10-25 21:45:39,473 INFO: learner 6 decided slot 8 with request 1 by client 3: orange
2021-10-25 21:45:44,800 INFO: learner 6 decided slot 9 with request 1 by client 1: orange
2021-10-25 21:45:49,501 INFO: learner 6 decided slot 10 with request 2 by client 0: banana
2021-10-25 21:45:59,126 INFO: learner 6 decided slot 11 with request 2 by client 1: banana
2021-10-25 21:46:28,516 INFO: learner 6 decided slot 12 with request 2 by client 2: banana
2021-10-25 21:46:38,045 INFO: learner 6 decided slot 13 with request 3 by client 2: pear
2021-10-25 21:46:42,824 INFO: learner 6 decided slot 14 with request 2 by client 4: banana
2021-10-25 21:46:53,369 INFO: learner 6 decided slot 15 with request 2 by client 3: banana
2021-10-25 21:47:05,236 INFO: learner 6 decided slot 16 with request 3 by client 0: pear
2021-10-25 21:47:12,535 INFO: learner 6 decided slot 17 with request 3 by client 1: pear
2021-10-25 21:47:47,693 INFO: learner 6 decided slot 18 with request 4 by client 2: lemon
2021-10-25 21:47:53,486 INFO: learner 6 decided slot 19 with request 3 by client 4: pear
2021-10-25 21:48:02,962 INFO: learner 6 decided slot 20 with request 3 by client 3: pear
2021-10-25 21:48:11,430 INFO: learner 6 decided slot 21 with request 4 by client 3: lemon
2021-10-25 21:48:16,425 INFO: learner 6 decided slot 22 with request 4 by client 0: lemon
2021-10-25 21:48:26,306 INFO: learner 6 decided slot 23 with request 4 by client 1: lemon
2021-10-25 21:49:02,695 INFO: learner 6 decided slot 24 with request 4 by client 4: lemon
